<?xml version="1.0" encoding="UTF-8"?>
<coverage generated="1524824584945" clover="3.2.0">
  <project timestamp="1524824584946" name="All files">
    <metrics statements="34" coveredstatements="34" conditionals="18" coveredconditionals="18" methods="11" coveredmethods="10" elements="63" coveredelements="62" complexity="0" loc="34" ncloc="34" packages="1" files="5" classes="5">
      <file name="index.js" path="/Users/julien/PhpstormProjects/js-utils/src/index.js">
        <metrics statements="0" coveredstatements="0" conditionals="0" coveredconditionals="0" methods="0" coveredmethods="0"/>
      </file>
      <file name="newid.js" path="/Users/julien/PhpstormProjects/js-utils/src/newid.js">
        <metrics statements="3" coveredstatements="3" conditionals="1" coveredconditionals="1" methods="1" coveredmethods="1"/>
        <line num="1" count="4" type="stmt"/>
        <line num="10" count="3" type="stmt"/>
        <line num="11" count="3" type="stmt"/>
      </file>
      <file name="noop.js" path="/Users/julien/PhpstormProjects/js-utils/src/noop.js">
        <metrics statements="0" coveredstatements="0" conditionals="0" coveredconditionals="0" methods="1" coveredmethods="0"/>
      </file>
      <file name="numbers.js" path="/Users/julien/PhpstormProjects/js-utils/src/numbers.js">
        <metrics statements="15" coveredstatements="15" conditionals="15" coveredconditionals="15" methods="3" coveredmethods="3"/>
        <line num="1" count="4" type="stmt"/>
        <line num="2" count="4" type="stmt"/>
        <line num="15" count="13" type="stmt"/>
        <line num="16" count="13" type="cond" truecount="2" falsecount="0"/>
        <line num="17" count="13" type="stmt"/>
        <line num="18" count="9" type="stmt"/>
        <line num="19" count="9" type="stmt"/>
        <line num="22" count="13" type="cond" truecount="2" falsecount="0"/>
        <line num="23" count="13" type="cond" truecount="2" falsecount="0"/>
        <line num="24" count="4" type="stmt"/>
        <line num="26" count="13" type="cond" truecount="4" falsecount="0"/>
        <line num="27" count="4" type="cond" truecount="2" falsecount="0"/>
        <line num="28" count="4" type="stmt"/>
        <line num="30" count="13" type="stmt"/>
        <line num="41" count="3" type="stmt"/>
      </file>
      <file name="objects.js" path="/Users/julien/PhpstormProjects/js-utils/src/objects.js">
        <metrics statements="16" coveredstatements="16" conditionals="2" coveredconditionals="2" methods="6" coveredmethods="6"/>
        <line num="27" count="1" type="stmt"/>
        <line num="28" count="1" type="stmt"/>
        <line num="29" count="1" type="stmt"/>
        <line num="30" count="2" type="stmt"/>
        <line num="31" count="1" type="stmt"/>
        <line num="33" count="1" type="stmt"/>
        <line num="47" count="2" type="stmt"/>
        <line num="49" count="2" type="stmt"/>
        <line num="50" count="5" type="stmt"/>
        <line num="54" count="2" type="stmt"/>
        <line num="67" count="1" type="stmt"/>
        <line num="68" count="1" type="stmt"/>
        <line num="69" count="3" type="stmt"/>
        <line num="70" count="3" type="cond" truecount="2" falsecount="0"/>
        <line num="71" count="2" type="stmt"/>
        <line num="75" count="1" type="stmt"/>
      </file>
    </metrics>
  </project>
</coverage>
