{"/Users/julien/PhpstormProjects/js-utils/src/index.js": {"path":"/Users/julien/PhpstormProjects/js-utils/src/index.js","statementMap":{},"fnMap":{},"branchMap":{},"s":{},"f":{},"b":{},"_coverageSchema":"332fd63041d2c1bcb487cc26dd0d5f7d97098a6c","hash":"559b3f26c2a527722b2bd565579902ac6e26a674"}
,"/Users/julien/PhpstormProjects/js-utils/src/newid.js": {"path":"/Users/julien/PhpstormProjects/js-utils/src/newid.js","statementMap":{"0":{"start":{"line":1,"column":13},"end":{"line":1,"column":14}},"1":{"start":{"line":10,"column":2},"end":{"line":10,"column":14}},"2":{"start":{"line":11,"column":2},"end":{"line":11,"column":30}}},"fnMap":{"0":{"name":"newid","decl":{"start":{"line":9,"column":24},"end":{"line":9,"column":29}},"loc":{"start":{"line":9,"column":45},"end":{"line":12,"column":1}},"line":9}},"branchMap":{"0":{"loc":{"start":{"line":9,"column":30},"end":{"line":9,"column":43}},"type":"default-arg","locations":[{"start":{"line":9,"column":39},"end":{"line":9,"column":43}}],"line":9}},"s":{"0":4,"1":3,"2":3},"f":{"0":3},"b":{"0":[2]},"_coverageSchema":"332fd63041d2c1bcb487cc26dd0d5f7d97098a6c","hash":"78bdbd8831bf2d9472655e97acd09256507b73bf"}
,"/Users/julien/PhpstormProjects/js-utils/src/noop.js": {"path":"/Users/julien/PhpstormProjects/js-utils/src/noop.js","statementMap":{},"fnMap":{"0":{"name":"noop","decl":{"start":{"line":4,"column":24},"end":{"line":4,"column":28}},"loc":{"start":{"line":4,"column":31},"end":{"line":4,"column":33}},"line":4}},"branchMap":{},"s":{},"f":{"0":0},"b":{},"_coverageSchema":"332fd63041d2c1bcb487cc26dd0d5f7d97098a6c","hash":"6c7b7d2fc868cb737369db07df3734c024f35f61"}
,"/Users/julien/PhpstormProjects/js-utils/src/numbers.js": {"path":"/Users/julien/PhpstormProjects/js-utils/src/numbers.js","statementMap":{"0":{"start":{"line":1,"column":37},"end":{"line":1,"column":40}},"1":{"start":{"line":2,"column":29},"end":{"line":2,"column":32}},"2":{"start":{"line":15,"column":12},"end":{"line":15,"column":51}},"3":{"start":{"line":16,"column":15},"end":{"line":16,"column":60}},"4":{"start":{"line":17,"column":21},"end":{"line":20,"column":3}},"5":{"start":{"line":18,"column":14},"end":{"line":18,"column":32}},"6":{"start":{"line":19,"column":4},"end":{"line":19,"column":38}},"7":{"start":{"line":22,"column":10},"end":{"line":22,"column":70}},"8":{"start":{"line":23,"column":2},"end":{"line":25,"column":3}},"9":{"start":{"line":24,"column":4},"end":{"line":24,"column":56}},"10":{"start":{"line":26,"column":2},"end":{"line":29,"column":3}},"11":{"start":{"line":27,"column":4},"end":{"line":27,"column":22}},"12":{"start":{"line":28,"column":4},"end":{"line":28,"column":56}},"13":{"start":{"line":30,"column":2},"end":{"line":30,"column":21}},"14":{"start":{"line":41,"column":2},"end":{"line":41,"column":59}}},"fnMap":{"0":{"name":"numberFormat","decl":{"start":{"line":13,"column":16},"end":{"line":13,"column":28}},"loc":{"start":{"line":13,"column":98},"end":{"line":31,"column":1}},"line":13},"1":{"name":"(anonymous_1)","decl":{"start":{"line":17,"column":21},"end":{"line":17,"column":22}},"loc":{"start":{"line":17,"column":40},"end":{"line":20,"column":3}},"line":17},"2":{"name":"numberRandom","decl":{"start":{"line":40,"column":16},"end":{"line":40,"column":28}},"loc":{"start":{"line":40,"column":39},"end":{"line":42,"column":1}},"line":40}},"branchMap":{"0":{"loc":{"start":{"line":13,"column":34},"end":{"line":13,"column":46}},"type":"default-arg","locations":[{"start":{"line":13,"column":45},"end":{"line":13,"column":46}}],"line":13},"1":{"loc":{"start":{"line":13,"column":48},"end":{"line":13,"column":67}},"type":"default-arg","locations":[{"start":{"line":13,"column":54},"end":{"line":13,"column":67}}],"line":13},"2":{"loc":{"start":{"line":13,"column":69},"end":{"line":13,"column":96}},"type":"default-arg","locations":[{"start":{"line":13,"column":75},"end":{"line":13,"column":96}}],"line":13},"3":{"loc":{"start":{"line":16,"column":15},"end":{"line":16,"column":60}},"type":"cond-expr","locations":[{"start":{"line":16,"column":38},"end":{"line":16,"column":39}},{"start":{"line":16,"column":42},"end":{"line":16,"column":60}}],"line":16},"4":{"loc":{"start":{"line":22,"column":11},"end":{"line":22,"column":58}},"type":"cond-expr","locations":[{"start":{"line":22,"column":18},"end":{"line":22,"column":37}},{"start":{"line":22,"column":40},"end":{"line":22,"column":58}}],"line":22},"5":{"loc":{"start":{"line":23,"column":2},"end":{"line":25,"column":3}},"type":"if","locations":[{"start":{"line":23,"column":2},"end":{"line":25,"column":3}},{"start":{"line":23,"column":2},"end":{"line":25,"column":3}}],"line":23},"6":{"loc":{"start":{"line":26,"column":2},"end":{"line":29,"column":3}},"type":"if","locations":[{"start":{"line":26,"column":2},"end":{"line":29,"column":3}},{"start":{"line":26,"column":2},"end":{"line":29,"column":3}}],"line":26},"7":{"loc":{"start":{"line":26,"column":7},"end":{"line":26,"column":17}},"type":"binary-expr","locations":[{"start":{"line":26,"column":7},"end":{"line":26,"column":11}},{"start":{"line":26,"column":15},"end":{"line":26,"column":17}}],"line":26},"8":{"loc":{"start":{"line":27,"column":11},"end":{"line":27,"column":21}},"type":"binary-expr","locations":[{"start":{"line":27,"column":11},"end":{"line":27,"column":15}},{"start":{"line":27,"column":19},"end":{"line":27,"column":21}}],"line":27}},"s":{"0":4,"1":4,"2":13,"3":13,"4":13,"5":9,"6":9,"7":13,"8":13,"9":4,"10":13,"11":4,"12":4,"13":13,"14":3},"f":{"0":13,"1":9,"2":3},"b":{"0":[2],"1":[7],"2":[7],"3":[1,12],"4":[9,4],"5":[4,9],"6":[4,9],"7":[13,7],"8":[4,3]},"_coverageSchema":"332fd63041d2c1bcb487cc26dd0d5f7d97098a6c","hash":"cc0f0a2f5916f4439d76ab53f6f3ff704478a12a"}
,"/Users/julien/PhpstormProjects/js-utils/src/objects.js": {"path":"/Users/julien/PhpstormProjects/js-utils/src/objects.js","statementMap":{"0":{"start":{"line":27,"column":19},"end":{"line":27,"column":36}},"1":{"start":{"line":28,"column":19},"end":{"line":28,"column":42}},"2":{"start":{"line":29,"column":2},"end":{"line":31,"column":42}},"3":{"start":{"line":30,"column":19},"end":{"line":30,"column":47}},"4":{"start":{"line":31,"column":20},"end":{"line":31,"column":40}},"5":{"start":{"line":33,"column":2},"end":{"line":33,"column":18}},"6":{"start":{"line":47,"column":17},"end":{"line":47,"column":39}},"7":{"start":{"line":49,"column":2},"end":{"line":51,"column":3}},"8":{"start":{"line":50,"column":4},"end":{"line":50,"column":25}},"9":{"start":{"line":54,"column":2},"end":{"line":54,"column":16}},"10":{"start":{"line":67,"column":18},"end":{"line":67,"column":20}},"11":{"start":{"line":68,"column":2},"end":{"line":73,"column":5}},"12":{"start":{"line":69,"column":19},"end":{"line":69,"column":31}},"13":{"start":{"line":70,"column":4},"end":{"line":72,"column":5}},"14":{"start":{"line":71,"column":6},"end":{"line":71,"column":27}},"15":{"start":{"line":75,"column":2},"end":{"line":75,"column":17}}},"fnMap":{"0":{"name":"objectKeyFilter","decl":{"start":{"line":26,"column":16},"end":{"line":26,"column":31}},"loc":{"start":{"line":26,"column":44},"end":{"line":34,"column":1}},"line":26},"1":{"name":"(anonymous_1)","decl":{"start":{"line":30,"column":12},"end":{"line":30,"column":13}},"loc":{"start":{"line":30,"column":19},"end":{"line":30,"column":47}},"line":30},"2":{"name":"(anonymous_2)","decl":{"start":{"line":31,"column":13},"end":{"line":31,"column":14}},"loc":{"start":{"line":31,"column":20},"end":{"line":31,"column":40}},"line":31},"3":{"name":"objectForEach","decl":{"start":{"line":46,"column":16},"end":{"line":46,"column":29}},"loc":{"start":{"line":46,"column":39},"end":{"line":55,"column":1}},"line":46},"4":{"name":"objectMap","decl":{"start":{"line":66,"column":16},"end":{"line":66,"column":25}},"loc":{"start":{"line":66,"column":35},"end":{"line":76,"column":1}},"line":66},"5":{"name":"(anonymous_5)","decl":{"start":{"line":68,"column":21},"end":{"line":68,"column":22}},"loc":{"start":{"line":68,"column":35},"end":{"line":73,"column":3}},"line":68}},"branchMap":{"0":{"loc":{"start":{"line":70,"column":4},"end":{"line":72,"column":5}},"type":"if","locations":[{"start":{"line":70,"column":4},"end":{"line":72,"column":5}},{"start":{"line":70,"column":4},"end":{"line":72,"column":5}}],"line":70}},"s":{"0":1,"1":1,"2":1,"3":2,"4":1,"5":1,"6":2,"7":2,"8":5,"9":2,"10":1,"11":1,"12":3,"13":3,"14":2,"15":1},"f":{"0":1,"1":2,"2":1,"3":2,"4":1,"5":3},"b":{"0":[2,1]},"_coverageSchema":"332fd63041d2c1bcb487cc26dd0d5f7d97098a6c","hash":"11d634a39dd920033f118fc05a5b68ea0cd628ce"}
}
