TN:
SF:/Users/julien/PhpstormProjects/js-utils/src/index.js
FNF:0
FNH:0
LF:0
LH:0
BRF:0
BRH:0
end_of_record
TN:
SF:/Users/julien/PhpstormProjects/js-utils/src/newid.js
FN:9,newid
FNF:1
FNH:1
FNDA:3,newid
DA:1,4
DA:10,3
DA:11,3
LF:3
LH:3
BRDA:9,0,0,2
BRF:1
BRH:1
end_of_record
TN:
SF:/Users/julien/PhpstormProjects/js-utils/src/noop.js
FN:4,noop
FNF:1
FNH:0
FNDA:0,noop
LF:0
LH:0
BRF:0
BRH:0
end_of_record
TN:
SF:/Users/julien/PhpstormProjects/js-utils/src/numbers.js
FN:13,numberFormat
FN:17,(anonymous_1)
FN:40,numberRandom
FN:44,formatFileSize
FNF:4
FNH:4
FNDA:13,numberFormat
FNDA:9,(anonymous_1)
FNDA:3,numberRandom
FNDA:5,formatFileSize
DA:1,4
DA:2,4
DA:15,13
DA:16,13
DA:17,13
DA:18,9
DA:19,9
DA:22,13
DA:23,13
DA:24,4
DA:26,13
DA:27,4
DA:28,4
DA:30,13
DA:41,3
DA:45,5
DA:46,2
DA:49,3
DA:50,3
DA:52,3
LF:20
LH:20
BRDA:13,0,0,2
BRDA:13,1,0,7
BRDA:13,2,0,7
BRDA:16,3,0,1
BRDA:16,3,1,12
BRDA:22,4,0,9
BRDA:22,4,1,4
BRDA:23,5,0,4
BRDA:23,5,1,9
BRDA:26,6,0,4
BRDA:26,6,1,9
BRDA:26,7,0,13
BRDA:26,7,1,7
BRDA:27,8,0,4
BRDA:27,8,1,3
BRDA:45,9,0,2
BRDA:45,9,1,3
BRF:17
BRH:17
end_of_record
TN:
SF:/Users/julien/PhpstormProjects/js-utils/src/objects.js
FN:26,objectKeyFilter
FN:30,(anonymous_1)
FN:31,(anonymous_2)
FN:46,objectForEach
FN:66,objectMap
FN:68,(anonymous_5)
FNF:6
FNH:6
FNDA:1,objectKeyFilter
FNDA:2,(anonymous_1)
FNDA:1,(anonymous_2)
FNDA:2,objectForEach
FNDA:1,objectMap
FNDA:3,(anonymous_5)
DA:27,1
DA:28,1
DA:29,1
DA:30,2
DA:31,1
DA:33,1
DA:47,2
DA:49,2
DA:50,5
DA:54,2
DA:67,1
DA:68,1
DA:69,3
DA:70,3
DA:71,2
DA:75,1
LF:16
LH:16
BRDA:70,0,0,2
BRDA:70,0,1,1
BRF:2
BRH:2
end_of_record
